f:\rpg textual - final v2\rpg textual - final v2\debug\.netframework,version=v4.5.assemblyattributes.obj
f:\rpg textual - final v2\rpg textual - final v2\debug\vc110.pdb
f:\rpg textual - final v2\rpg textual - final v2\debug\source.obj
f:\rpg textual - final v2\debug\rpg textual - final v2.ilk
f:\rpg textual - final v2\debug\rpg textual - final v2.exe
f:\rpg textual - final v2\debug\rpg textual - final v2.pdb
d:\github\rpg-textual---obj\rpg textual - final v2\debug\vc120.pdb
d:\github\rpg-textual---obj\rpg textual - final v2\debug\source.obj
d:\github\rpg-textual---obj\debug\rpg textual - final v2.exe
d:\github\rpg-textual---obj\debug\rpg textual - final v2.pdb
d:\github\rpg-textual---obj\rpg textual - final v2\debug\rpg textual - final v2.vcxprojresolveassemblyreference.cache
d:\github\rpg-textual---obj\rpg textual - final v2\debug\.netframework,version=v4.5.assemblyattributes.obj
d:\github\rpg-textual---obj\rpg textual - final v2\debug\cl.command.1.tlog
d:\github\rpg-textual---obj\rpg textual - final v2\debug\cl.read.1.tlog
d:\github\rpg-textual---obj\rpg textual - final v2\debug\cl.write.1.tlog
d:\github\rpg-textual---obj\rpg textual - final v2\debug\link.1116-cvtres.read.1.tlog
d:\github\rpg-textual---obj\rpg textual - final v2\debug\link.1116-cvtres.write.1.tlog
d:\github\rpg-textual---obj\rpg textual - final v2\debug\link.1116-rc.read.1.tlog
d:\github\rpg-textual---obj\rpg textual - final v2\debug\link.1116-rc.write.1.tlog
d:\github\rpg-textual---obj\rpg textual - final v2\debug\link.1116.read.1.tlog
d:\github\rpg-textual---obj\rpg textual - final v2\debug\link.1116.write.1.tlog
d:\github\rpg-textual---obj\rpg textual - final v2\debug\link.1616-cvtres.read.1.tlog
d:\github\rpg-textual---obj\rpg textual - final v2\debug\link.1616-cvtres.write.1.tlog
d:\github\rpg-textual---obj\rpg textual - final v2\debug\link.1616-rc.read.1.tlog
d:\github\rpg-textual---obj\rpg textual - final v2\debug\link.1616-rc.write.1.tlog
d:\github\rpg-textual---obj\rpg textual - final v2\debug\link.1616.read.1.tlog
d:\github\rpg-textual---obj\rpg textual - final v2\debug\link.1616.write.1.tlog
d:\github\rpg-textual---obj\rpg textual - final v2\debug\link.1900-cvtres.read.1.tlog
d:\github\rpg-textual---obj\rpg textual - final v2\debug\link.1900-cvtres.write.1.tlog
d:\github\rpg-textual---obj\rpg textual - final v2\debug\link.1900-rc.read.1.tlog
d:\github\rpg-textual---obj\rpg textual - final v2\debug\link.1900-rc.write.1.tlog
d:\github\rpg-textual---obj\rpg textual - final v2\debug\link.1900.read.1.tlog
d:\github\rpg-textual---obj\rpg textual - final v2\debug\link.1900.write.1.tlog
d:\github\rpg-textual---obj\rpg textual - final v2\debug\link.2220-cvtres.read.1.tlog
d:\github\rpg-textual---obj\rpg textual - final v2\debug\link.2220-cvtres.write.1.tlog
d:\github\rpg-textual---obj\rpg textual - final v2\debug\link.2220-rc.read.1.tlog
d:\github\rpg-textual---obj\rpg textual - final v2\debug\link.2220-rc.write.1.tlog
d:\github\rpg-textual---obj\rpg textual - final v2\debug\link.2220.read.1.tlog
d:\github\rpg-textual---obj\rpg textual - final v2\debug\link.2220.write.1.tlog
d:\github\rpg-textual---obj\rpg textual - final v2\debug\link.2228-cvtres.read.1.tlog
d:\github\rpg-textual---obj\rpg textual - final v2\debug\link.2228-cvtres.write.1.tlog
d:\github\rpg-textual---obj\rpg textual - final v2\debug\link.2228-rc.read.1.tlog
d:\github\rpg-textual---obj\rpg textual - final v2\debug\link.2228-rc.write.1.tlog
d:\github\rpg-textual---obj\rpg textual - final v2\debug\link.2228.read.1.tlog
d:\github\rpg-textual---obj\rpg textual - final v2\debug\link.2228.write.1.tlog
d:\github\rpg-textual---obj\rpg textual - final v2\debug\link.2240-cvtres.read.1.tlog
d:\github\rpg-textual---obj\rpg textual - final v2\debug\link.2240-cvtres.write.1.tlog
d:\github\rpg-textual---obj\rpg textual - final v2\debug\link.2240-rc.read.1.tlog
d:\github\rpg-textual---obj\rpg textual - final v2\debug\link.2240-rc.write.1.tlog
d:\github\rpg-textual---obj\rpg textual - final v2\debug\link.2240.read.1.tlog
d:\github\rpg-textual---obj\rpg textual - final v2\debug\link.2240.write.1.tlog
d:\github\rpg-textual---obj\rpg textual - final v2\debug\link.2324-cvtres.read.1.tlog
d:\github\rpg-textual---obj\rpg textual - final v2\debug\link.2324-cvtres.write.1.tlog
d:\github\rpg-textual---obj\rpg textual - final v2\debug\link.2324-rc.read.1.tlog
d:\github\rpg-textual---obj\rpg textual - final v2\debug\link.2324-rc.write.1.tlog
d:\github\rpg-textual---obj\rpg textual - final v2\debug\link.2324.read.1.tlog
d:\github\rpg-textual---obj\rpg textual - final v2\debug\link.2324.write.1.tlog
d:\github\rpg-textual---obj\rpg textual - final v2\debug\link.2500-cvtres.read.1.tlog
d:\github\rpg-textual---obj\rpg textual - final v2\debug\link.2500-cvtres.write.1.tlog
d:\github\rpg-textual---obj\rpg textual - final v2\debug\link.2500-rc.read.1.tlog
d:\github\rpg-textual---obj\rpg textual - final v2\debug\link.2500-rc.write.1.tlog
d:\github\rpg-textual---obj\rpg textual - final v2\debug\link.2500.read.1.tlog
d:\github\rpg-textual---obj\rpg textual - final v2\debug\link.2500.write.1.tlog
d:\github\rpg-textual---obj\rpg textual - final v2\debug\link.2776-cvtres.read.1.tlog
d:\github\rpg-textual---obj\rpg textual - final v2\debug\link.2776-cvtres.write.1.tlog
d:\github\rpg-textual---obj\rpg textual - final v2\debug\link.2776-rc.read.1.tlog
d:\github\rpg-textual---obj\rpg textual - final v2\debug\link.2776-rc.write.1.tlog
d:\github\rpg-textual---obj\rpg textual - final v2\debug\link.2776.read.1.tlog
d:\github\rpg-textual---obj\rpg textual - final v2\debug\link.2776.write.1.tlog
d:\github\rpg-textual---obj\rpg textual - final v2\debug\link.2912-cvtres.read.1.tlog
d:\github\rpg-textual---obj\rpg textual - final v2\debug\link.2912-cvtres.write.1.tlog
d:\github\rpg-textual---obj\rpg textual - final v2\debug\link.2912-rc.read.1.tlog
d:\github\rpg-textual---obj\rpg textual - final v2\debug\link.2912-rc.write.1.tlog
d:\github\rpg-textual---obj\rpg textual - final v2\debug\link.2912.read.1.tlog
d:\github\rpg-textual---obj\rpg textual - final v2\debug\link.2912.write.1.tlog
d:\github\rpg-textual---obj\rpg textual - final v2\debug\link.2952-cvtres.read.1.tlog
d:\github\rpg-textual---obj\rpg textual - final v2\debug\link.2952-cvtres.write.1.tlog
d:\github\rpg-textual---obj\rpg textual - final v2\debug\link.2952-rc.read.1.tlog
d:\github\rpg-textual---obj\rpg textual - final v2\debug\link.2952-rc.write.1.tlog
d:\github\rpg-textual---obj\rpg textual - final v2\debug\link.2952.read.1.tlog
d:\github\rpg-textual---obj\rpg textual - final v2\debug\link.2952.write.1.tlog
d:\github\rpg-textual---obj\rpg textual - final v2\debug\link.2980-cvtres.read.1.tlog
d:\github\rpg-textual---obj\rpg textual - final v2\debug\link.2980-cvtres.write.1.tlog
d:\github\rpg-textual---obj\rpg textual - final v2\debug\link.2980-rc.read.1.tlog
d:\github\rpg-textual---obj\rpg textual - final v2\debug\link.2980-rc.write.1.tlog
d:\github\rpg-textual---obj\rpg textual - final v2\debug\link.2980.read.1.tlog
d:\github\rpg-textual---obj\rpg textual - final v2\debug\link.2980.write.1.tlog
d:\github\rpg-textual---obj\rpg textual - final v2\debug\link.3124-cvtres.read.1.tlog
d:\github\rpg-textual---obj\rpg textual - final v2\debug\link.3124-cvtres.write.1.tlog
d:\github\rpg-textual---obj\rpg textual - final v2\debug\link.3124-rc.read.1.tlog
d:\github\rpg-textual---obj\rpg textual - final v2\debug\link.3124-rc.write.1.tlog
d:\github\rpg-textual---obj\rpg textual - final v2\debug\link.3124.read.1.tlog
d:\github\rpg-textual---obj\rpg textual - final v2\debug\link.3124.write.1.tlog
d:\github\rpg-textual---obj\rpg textual - final v2\debug\link.3128-cvtres.read.1.tlog
d:\github\rpg-textual---obj\rpg textual - final v2\debug\link.3128-cvtres.write.1.tlog
d:\github\rpg-textual---obj\rpg textual - final v2\debug\link.3128-rc.read.1.tlog
d:\github\rpg-textual---obj\rpg textual - final v2\debug\link.3128-rc.write.1.tlog
d:\github\rpg-textual---obj\rpg textual - final v2\debug\link.3128.read.1.tlog
d:\github\rpg-textual---obj\rpg textual - final v2\debug\link.3128.write.1.tlog
d:\github\rpg-textual---obj\rpg textual - final v2\debug\link.3276-cvtres.read.1.tlog
d:\github\rpg-textual---obj\rpg textual - final v2\debug\link.3276-cvtres.write.1.tlog
d:\github\rpg-textual---obj\rpg textual - final v2\debug\link.3276-rc.read.1.tlog
d:\github\rpg-textual---obj\rpg textual - final v2\debug\link.3276-rc.write.1.tlog
d:\github\rpg-textual---obj\rpg textual - final v2\debug\link.3276.read.1.tlog
d:\github\rpg-textual---obj\rpg textual - final v2\debug\link.3276.write.1.tlog
d:\github\rpg-textual---obj\rpg textual - final v2\debug\link.3416-cvtres.read.1.tlog
d:\github\rpg-textual---obj\rpg textual - final v2\debug\link.3416-cvtres.write.1.tlog
d:\github\rpg-textual---obj\rpg textual - final v2\debug\link.3416-rc.read.1.tlog
d:\github\rpg-textual---obj\rpg textual - final v2\debug\link.3416-rc.write.1.tlog
d:\github\rpg-textual---obj\rpg textual - final v2\debug\link.3416.read.1.tlog
d:\github\rpg-textual---obj\rpg textual - final v2\debug\link.3416.write.1.tlog
d:\github\rpg-textual---obj\rpg textual - final v2\debug\link.3452-cvtres.read.1.tlog
d:\github\rpg-textual---obj\rpg textual - final v2\debug\link.3452-cvtres.write.1.tlog
d:\github\rpg-textual---obj\rpg textual - final v2\debug\link.3452-rc.read.1.tlog
d:\github\rpg-textual---obj\rpg textual - final v2\debug\link.3452-rc.write.1.tlog
d:\github\rpg-textual---obj\rpg textual - final v2\debug\link.3452.read.1.tlog
d:\github\rpg-textual---obj\rpg textual - final v2\debug\link.3452.write.1.tlog
d:\github\rpg-textual---obj\rpg textual - final v2\debug\link.3684-cvtres.read.1.tlog
d:\github\rpg-textual---obj\rpg textual - final v2\debug\link.3684-cvtres.write.1.tlog
d:\github\rpg-textual---obj\rpg textual - final v2\debug\link.3684-rc.read.1.tlog
d:\github\rpg-textual---obj\rpg textual - final v2\debug\link.3684-rc.write.1.tlog
d:\github\rpg-textual---obj\rpg textual - final v2\debug\link.3684.read.1.tlog
d:\github\rpg-textual---obj\rpg textual - final v2\debug\link.3684.write.1.tlog
d:\github\rpg-textual---obj\rpg textual - final v2\debug\link.372-cvtres.read.1.tlog
d:\github\rpg-textual---obj\rpg textual - final v2\debug\link.372-cvtres.write.1.tlog
d:\github\rpg-textual---obj\rpg textual - final v2\debug\link.372-rc.read.1.tlog
d:\github\rpg-textual---obj\rpg textual - final v2\debug\link.372-rc.write.1.tlog
d:\github\rpg-textual---obj\rpg textual - final v2\debug\link.372.read.1.tlog
d:\github\rpg-textual---obj\rpg textual - final v2\debug\link.372.write.1.tlog
d:\github\rpg-textual---obj\rpg textual - final v2\debug\link.748-cvtres.read.1.tlog
d:\github\rpg-textual---obj\rpg textual - final v2\debug\link.748-cvtres.write.1.tlog
d:\github\rpg-textual---obj\rpg textual - final v2\debug\link.748-rc.read.1.tlog
d:\github\rpg-textual---obj\rpg textual - final v2\debug\link.748-rc.write.1.tlog
d:\github\rpg-textual---obj\rpg textual - final v2\debug\link.748.read.1.tlog
d:\github\rpg-textual---obj\rpg textual - final v2\debug\link.748.write.1.tlog
d:\github\rpg-textual---obj\rpg textual - final v2\debug\link.command.1.tlog
d:\github\rpg-textual---obj\rpg textual - final v2\debug\link.read.1.tlog
d:\github\rpg-textual---obj\rpg textual - final v2\debug\link.write.1.tlog
d:\github\rpg-textual---obj\rpg textual - final v2\debug\metagen.read.1.tlog
d:\github\rpg-textual---obj\rpg textual - final v2\debug\metagen.write.1.tlog
d:\github\rpg-textual---obj\rpg textual - final v2\debug\vc110.pdb
d:\github\rpg-textual---obj\rpg textual - final v2\debug\rsaenh.dll.bi
d:\github\rpg-textual---obj\rpg textual - final v2\debug\tzres.dll.bi
d:\github\rpg-textual---obj\rpg textual - final v2\debug\rpg text.5f63663f.tlog\cl.command.1.tlog
d:\github\rpg-textual---obj\rpg textual - final v2\debug\rpg text.5f63663f.tlog\cl.read.1.tlog
d:\github\rpg-textual---obj\rpg textual - final v2\debug\rpg text.5f63663f.tlog\cl.write.1.tlog
d:\github\rpg-textual---obj\rpg textual - final v2\debug\rpg text.5f63663f.tlog\link.command.1.tlog
d:\github\rpg-textual---obj\rpg textual - final v2\debug\rpg text.5f63663f.tlog\link.read.1.tlog
d:\github\rpg-textual---obj\rpg textual - final v2\debug\rpg text.5f63663f.tlog\link.write.1.tlog
d:\github\rpg-textual---obj\rpg textual - final v2\debug\rpg text.5f63663f.tlog\metagen.read.1.tlog
d:\github\rpg-textual---obj\rpg textual - final v2\debug\rpg text.5f63663f.tlog\metagen.write.1.tlog
d:\github\rpg-textual---obj\rpg textual - final v2\debug\rpg text.5f63663f.tlog\tzres.dll.bi
